<?xml version="1.0" encoding="UTF-8"?>
<!-- Generated by org.testng.reporters.JUnitReportReporter -->
<testsuite hostname="LAPTOP-RD47DVL0" failures="0" tests="1" name="Paramext.extrprts.Extentreportsex" time="2.840" errors="0" timestamp="07 Jan 2024 13:22:36 GMT" skipped="0">
  <testcase classname="Paramext.extrprts.Extentreportsex" name="initialDemo" time="2.840"/>
</testsuite> <!-- Paramext.extrprts.Extentreportsex -->
